PATH; -> [4, 15] -> [4, 16] -> [4, 17] -> [4, 18] -> [5, 18] -> [6, 18] -> [7, 18] -> [8, 18] -> [9, 18]
%%%%%%%%%%%%%%%%%%%%%%%%%%
%  O              G      %
%    GO                  %
%           %%%%%%%%%    %
%           % GXXXX      %
%O O   %%%%%%     X  O   %
% G O  %          X O    %
%     %%%   O     X      %
%      %          X  %%%%%
%   OOO           P%%%%%%%
%%%%%%%%%%%%%%%%%%%%%%%%%%

PATH; -> [1, 19] -> [1, 20] -> [1, 21] -> [2, 21] -> [3, 21] -> [4, 21] -> [4, 20] -> [4, 19] -> [4, 18] -> [4, 17] -> [4, 16] -> [4, 15] -> [4, 14]
%%%%%%%%%%%%%%%%%%%%%%%%%%
%  O              GXXX   %
%    GO              X   %
%           %%%%%%%%%X   %
%           % PXXXXXXX   %
%O O   %%%%%%        O   %
% G O  %            O    %
%     %%%   O            %
%      %             %%%%%
%   OOO            %%%%%%%
%%%%%%%%%%%%%%%%%%%%%%%%%%

PATH; -> [2, 6] -> [1, 6] -> [1, 7] -> [1, 8] -> [1, 9] -> [1, 10] -> [1, 11] -> [1, 12] -> [1, 13] -> [1, 14] -> [1, 15] -> [1, 16] -> [1, 17] -> [1, 18]
%%%%%%%%%%%%%%%%%%%%%%%%%%
%  O  XXXXXXXXXXXXP      %
%    GX                  %
%           %%%%%%%%%    %
%           %            %
%O O   %%%%%%        O   %
% G O  %            O    %
%     %%%   O            %
%      %             %%%%%
%   OOO            %%%%%%%
%%%%%%%%%%%%%%%%%%%%%%%%%%

PATH; -> [6, 3] -> [5, 3] -> [4, 3] -> [4, 4] -> [3, 4] -> [2, 4] -> [2, 5]
%%%%%%%%%%%%%%%%%%%%%%%%%%
%  O                     %
%   XP                   %
%   X       %%%%%%%%%    %
%  XX       %            %
%O X   %%%%%%        O   %
% GXO  %            O    %
%     %%%   O            %
%      %             %%%%%
%   OOO            %%%%%%%
%%%%%%%%%%%%%%%%%%%%%%%%%%

