PATH; -> [4, 15] -> [5, 15] -> [5, 16] -> [6, 16] -> [7, 16] -> [7, 17] -> [7, 18] -> [8, 18] -> [9, 18]
%%%%%%%%%%%%%%%%%%%%%%%%%%
%  O              G      %
%    GO                  %
%           %%%%%%%%%    %
%           % GX         %
%O O   %%%%%%  XX    O   %
% G O  %        X   O    %
%     %%%   O   XXX      %
%      %          X  %%%%%
%   OOO           P%%%%%%%
%%%%%%%%%%%%%%%%%%%%%%%%%%

PATH; -> [1, 19] -> [2, 19] -> [2, 20] -> [2, 21] -> [3, 21] -> [4, 21] -> [4, 20] -> [4, 19] -> [4, 18] -> [4, 17] -> [4, 16] -> [4, 15] -> [4, 14]
%%%%%%%%%%%%%%%%%%%%%%%%%%
%  O              GX     %
%    GO            XXX   %
%           %%%%%%%%%X   %
%           % PXXXXXXX   %
%O O   %%%%%%        O   %
% G O  %            O    %
%     %%%   O            %
%      %             %%%%%
%   OOO            %%%%%%%
%%%%%%%%%%%%%%%%%%%%%%%%%%

PATH; -> [2, 6] -> [1, 6] -> [1, 7] -> [1, 8] -> [1, 9] -> [1, 10] -> [1, 11] -> [1, 12] -> [1, 13] -> [1, 14] -> [1, 15] -> [1, 16] -> [1, 17] -> [1, 18]
%%%%%%%%%%%%%%%%%%%%%%%%%%
%  O  XXXXXXXXXXXXP      %
%    GX                  %
%           %%%%%%%%%    %
%           %            %
%O O   %%%%%%        O   %
% G O  %            O    %
%     %%%   O            %
%      %             %%%%%
%   OOO            %%%%%%%
%%%%%%%%%%%%%%%%%%%%%%%%%%

PATH; -> [6, 3] -> [5, 3] -> [5, 4] -> [4, 4] -> [3, 4] -> [2, 4] -> [2, 5]
%%%%%%%%%%%%%%%%%%%%%%%%%%
%  O                     %
%   XP                   %
%   X       %%%%%%%%%    %
%   X       %            %
%O XX  %%%%%%        O   %
% GXO  %            O    %
%     %%%   O            %
%      %             %%%%%
%   OOO            %%%%%%%
%%%%%%%%%%%%%%%%%%%%%%%%%%

