PATH; -> [4, 5] -> [4, 4] -> [4, 3] -> [4, 2] -> [4, 1]
%%%%%%%%%%%%%%%%%
%       %   O   %
%  O    %%%%   G%
%   OOOO        %
%PXXXX  %% G    %
%    G  %  %    %
%     %%  %%  G %
%  O  %%  %%    %
%     %%  %% G  %
%    %%%  %%%  %%
%%%%%%%%%%%%%%%%%

PATH; -> [3, 11] -> [3, 10] -> [3, 9] -> [3, 8] -> [3, 7] -> [4, 7] -> [5, 7] -> [5, 6] -> [5, 5]
%%%%%%%%%%%%%%%%%
%       %   O   %
%  O    %%%%   G%
%   OOOXXXXX    %
%      X%% G    %
%    PXX%  %    %
%     %%  %%  G %
%  O  %%  %%    %
%     %%  %% G  %
%    %%%  %%%  %%
%%%%%%%%%%%%%%%%%

PATH; -> [5, 14] -> [5, 13] -> [4, 13] -> [4, 12] -> [4, 11]
%%%%%%%%%%%%%%%%%
%       %   O   %
%  O    %%%%   G%
%   OOO         %
%       %% PXX  %
%       %  % XX %
%     %%  %%  G %
%  O  %%  %%    %
%     %%  %% G  %
%    %%%  %%%  %%
%%%%%%%%%%%%%%%%%

PATH; -> [8, 14] -> [7, 14] -> [6, 14]
%%%%%%%%%%%%%%%%%
%       %   O   %
%  O    %%%%   G%
%   OOO         %
%       %%      %
%       %  %    %
%     %%  %%  P %
%  O  %%  %%  X %
%     %%  %% GX %
%    %%%  %%%  %%
%%%%%%%%%%%%%%%%%

PATH; -> [2, 14] -> [3, 14] -> [4, 14] -> [5, 14] -> [5, 13] -> [6, 13] -> [7, 13] -> [8, 13]
%%%%%%%%%%%%%%%%%
%       %   O   %
%  O    %%%%  XG%
%   OOO       X %
%       %%    X %
%       %  % XX %
%     %%  %% X  %
%  O  %%  %% X  %
%     %%  %% P  %
%    %%%  %%%  %%
%%%%%%%%%%%%%%%%%

