PATH; -> [3, 10] -> [3, 11] -> [3, 12] -> [2, 12] -> [1, 12] -> [1, 13]
%%%%%%%%%%%%%%%%%
%       %   XP  %
%  O    %%%%X   %
%        GXXX   %
%               %
%  G       %    %
%     %%   %%   %
%  O  %%G %%    %
%     %% %%     %
%    %%%  %%%  %%
%%%%%%%%%%%%%%%%%

PATH; -> [6, 8] -> [6, 9] -> [5, 9] -> [4, 9] -> [3, 9]
%%%%%%%%%%%%%%%%%
%       %       %
%  O    %%%%    %
%        P      %
%        X      %
%  G     X %    %
%     %%XX %%   %
%  O  %%G %%    %
%     %% %%     %
%    %%%  %%%  %%
%%%%%%%%%%%%%%%%%

PATH; -> [5, 4] -> [5, 5] -> [5, 6] -> [5, 7] -> [5, 8] -> [6, 8] -> [7, 8]
%%%%%%%%%%%%%%%%%
%       %       %
%  O    %%%%    %
%               %
%               %
%  GXXXXX  %    %
%     %%X  %%   %
%  O  %%P %%    %
%     %% %%     %
%    %%%  %%%  %%
%%%%%%%%%%%%%%%%%

